{"@timestamp":"2025-10-21T15:57:18.850+0700","ecs.version":"1.6.0","log.level":"info","message":"Start Service"}
{"@timestamp":"2025-10-21T15:57:29.515+0700","ecs.version":"1.6.0","log.level":"info","message":"Welcome Home Log"}
{"@timestamp":"2025-10-21T15:57:29.571+0700","ecs.version":"1.6.0","log.level":"info","message":"Welcome Home Log"}
{"@timestamp":"2025-10-21T15:57:36.045+0700","ecs.version":"1.6.0","log.level":"info","message":"Base Controller"}
{"@timestamp":"2025-10-21T15:57:36.114+0700","ecs.version":"1.6.0","log.level":"info","message":"Welcome Home Log"}
{"@timestamp":"2025-10-21T15:57:43.338+0700","ecs.version":"1.6.0","log.level":"info","message":"Base Controller"}
{"@timestamp":"2025-10-21T15:57:43.389+0700","ecs.version":"1.6.0","log.level":"info","message":"Welcome Home Log"}
{"@timestamp":"2025-10-21T15:57:46.378+0700","ecs.version":"1.6.0","log.level":"info","message":"Base Controller"}
{"@timestamp":"2025-10-21T15:57:46.432+0700","ecs.version":"1.6.0","log.level":"info","message":"Welcome Home Log"}
{"@timestamp":"2025-10-21T09:38:17.372Z","ecs.version":"1.6.0","log.level":"info","message":"Start Service"}
{"@timestamp":"2025-10-21T09:47:13.918Z","ecs.version":"1.6.0","log.level":"info","message":"Start Service"}
{"@timestamp":"2025-10-21T09:50:06.818Z","ecs.version":"1.6.0","log.level":"info","message":"Start Service"}
{"@timestamp":"2025-10-21T10:01:11.729Z","ecs.version":"1.6.0","log.level":"info","message":"Welcome Home Log"}
{"@timestamp":"2025-10-21T10:01:11.911Z","ecs.version":"1.6.0","log.level":"info","message":"Welcome Home Log"}
{"@timestamp":"2025-10-21T10:01:34.443Z","ecs.version":"1.6.0","log.level":"info","message":"Welcome Home Log"}
{"@timestamp":"2025-10-21T10:01:34.521Z","ecs.version":"1.6.0","log.level":"info","message":"Welcome Home Log"}
{"@timestamp":"2025-10-21T10:02:00.727Z","ecs.version":"1.6.0","log.level":"info","message":"Base Controller"}
{"@timestamp":"2025-10-21T10:02:00.814Z","ecs.version":"1.6.0","log.level":"info","message":"Welcome Home Log"}
{"@timestamp":"2025-10-21T10:02:24.837Z","ecs.version":"1.6.0","log.level":"info","message":"Welcome Home Log"}
{"@timestamp":"2025-10-21T10:02:24.908Z","ecs.version":"1.6.0","log.level":"info","message":"Welcome Home Log"}
{"@timestamp":"2025-10-21T10:02:30.956Z","ecs.version":"1.6.0","log.level":"info","message":"Base Controller"}
{"@timestamp":"2025-10-21T10:02:31.018Z","ecs.version":"1.6.0","log.level":"info","message":"Welcome Home Log"}
{"@timestamp":"2025-10-21T14:55:35.740Z","ecs.version":"1.6.0","log.level":"info","message":"Start Service"}
{"@timestamp":"2025-10-21T14:56:50.857Z","ecs.version":"1.6.0","log.level":"info","message":"Welcome Home Log"}
{"@timestamp":"2025-10-21T14:56:51.694Z","ecs.version":"1.6.0","log.level":"info","message":"Welcome Home Log"}
{"@timestamp":"2025-10-21T14:59:17.999Z","ecs.version":"1.6.0","log.level":"info","message":"Base Controller"}
{"@timestamp":"2025-10-21T14:59:18.309Z","ecs.version":"1.6.0","log.level":"info","message":"Welcome Home Log"}
{"@timestamp":"2025-10-21T14:59:25.288Z","ecs.version":"1.6.0","log.level":"info","message":"Base Controller"}
{"@timestamp":"2025-10-21T14:59:25.350Z","ecs.version":"1.6.0","log.level":"info","message":"Welcome Home Log"}
{"@timestamp":"2025-10-21T15:00:18.595Z","ecs.version":"1.6.0","log.level":"info","message":"Welcome Home Log"}
{"@timestamp":"2025-10-21T15:00:18.674Z","ecs.version":"1.6.0","log.level":"info","message":"Welcome Home Log"}
{"@timestamp":"2025-10-21T22:03:09.413+0700","ecs.version":"1.6.0","log.level":"info","message":"Start Service"}
{"@timestamp":"2025-10-21T15:03:34.952Z","ecs.version":"1.6.0","log.level":"info","message":"Welcome Home Log"}
{"@timestamp":"2025-10-21T15:03:35.206Z","ecs.version":"1.6.0","log.level":"info","message":"Welcome Home Log"}
{"@timestamp":"2025-10-21T15:18:14.873Z","ecs.version":"1.6.0","log.level":"info","message":"Start Service"}
{"@timestamp":"2025-10-21T15:18:44.598Z","ecs.version":"1.6.0","log.level":"info","message":"Welcome Home Log"}
{"@timestamp":"2025-10-21T15:18:44.810Z","ecs.version":"1.6.0","log.level":"info","message":"Welcome Home Log"}
{"@timestamp":"2025-10-21T15:18:49.805Z","ecs.version":"1.6.0","log.level":"info","message":"Base Controller"}
{"@timestamp":"2025-10-21T15:18:49.905Z","ecs.version":"1.6.0","log.level":"info","message":"Welcome Home Log"}
{"@timestamp":"2025-10-21T15:19:45.700Z","ecs.version":"1.6.0","log.level":"info","message":"Welcome Home Log"}
{"@timestamp":"2025-10-21T15:19:47.796Z","ecs.version":"1.6.0","log.level":"info","message":"Welcome Home Log"}
{"@timestamp":"2025-10-21T15:21:52.320Z","ecs.version":"1.6.0","log.level":"info","message":"Welcome Home Log"}
{"@timestamp":"2025-10-21T16:14:55.601Z","ecs.version":"1.6.0","log.level":"info","message":"Start Service"}
{"@timestamp":"2025-10-21T16:18:15.735Z","ecs.version":"1.6.0","log.level":"info","message":"Welcome Home Log"}
{"@timestamp":"2025-10-21T16:18:18.554Z","ecs.version":"1.6.0","log.level":"info","message":"Welcome Home Log"}
time="2025-10-22T02:19:58.398Z" level=info msg="Start Service"
time="2025-10-22T02:23:38.117Z" level=info msg="Start Service"
time="2025-10-22T02:25:35.204Z" level=info msg="Welcome Home Log"
time="2025-10-22T02:25:37.543Z" level=info msg="Welcome Home Log"
time="2025-10-22T02:25:49.370Z" level=info msg="Base Controller"
time="2025-10-22T02:25:49.680Z" level=info msg="Welcome Home Log"
